 ncalls  tottime  percall  cumtime  percall filename:lineno(function)
        1    0.000    0.000    0.001    0.001 <frozen importlib._bootstrap>:1002(_find_and_load)
        1    0.000    0.000    0.000    0.000 <frozen importlib._bootstrap>:112(release)
        1    0.000    0.000    0.000    0.000 <frozen importlib._bootstrap>:152(__init__)
        1    0.000    0.000    0.000    0.000 <frozen importlib._bootstrap>:156(__enter__)
        1    0.000    0.000    0.000    0.000 <frozen importlib._bootstrap>:160(__exit__)
        1    0.000    0.000    0.000    0.000 <frozen importlib._bootstrap>:166(_get_module_lock)
        1    0.000    0.000    0.000    0.000 <frozen importlib._bootstrap>:185(cb)
        2    0.000    0.000    0.001    0.000 <frozen importlib._bootstrap>:220(_call_with_frames_removed)
       19    0.000    0.000    0.000    0.000 <frozen importlib._bootstrap>:231(_verbose_message)
        1    0.000    0.000    0.000    0.000 <frozen importlib._bootstrap>:351(__init__)
        1    0.000    0.000    0.000    0.000 <frozen importlib._bootstrap>:385(cached)
        1    0.000    0.000    0.000    0.000 <frozen importlib._bootstrap>:398(parent)
        1    0.000    0.000    0.000    0.000 <frozen importlib._bootstrap>:406(has_location)
        1    0.000    0.000    0.000    0.000 <frozen importlib._bootstrap>:486(_init_module_attrs)
        1    0.000    0.000    0.001    0.001 <frozen importlib._bootstrap>:558(module_from_spec)
        1    0.000    0.000    0.000    0.000 <frozen importlib._bootstrap>:58(__init__)
        1    0.000    0.000    0.001    0.001 <frozen importlib._bootstrap>:659(_load_unlocked)
        1    0.000    0.000    0.000    0.000 <frozen importlib._bootstrap>:736(find_spec)
        1    0.000    0.000    0.000    0.000 <frozen importlib._bootstrap>:811(find_spec)
        1    0.000    0.000    0.000    0.000 <frozen importlib._bootstrap>:87(acquire)
        4    0.000    0.000    0.000    0.000 <frozen importlib._bootstrap>:874(__enter__)
        4    0.000    0.000    0.000    0.000 <frozen importlib._bootstrap>:878(__exit__)
        1    0.000    0.000    0.000    0.000 <frozen importlib._bootstrap>:901(_find_spec)
        1    0.000    0.000    0.001    0.001 <frozen importlib._bootstrap>:967(_find_and_load_unlocked)
        1    0.000    0.000    0.000    0.000 <frozen importlib._bootstrap_external>:1155(__init__)
        1    0.000    0.000    0.001    0.001 <frozen importlib._bootstrap_external>:1171(create_module)
        1    0.000    0.000    0.000    0.000 <frozen importlib._bootstrap_external>:1179(exec_module)
       16    0.000    0.000    0.000    0.000 <frozen importlib._bootstrap_external>:121(_path_join)
       16    0.000    0.000    0.000    0.000 <frozen importlib._bootstrap_external>:123(<listcomp>)
        5    0.000    0.000    0.000    0.000 <frozen importlib._bootstrap_external>:1346(_path_importer_cache)
        5    0.000    0.000    0.000    0.000 <frozen importlib._bootstrap_external>:135(_path_stat)
        1    0.000    0.000    0.000    0.000 <frozen importlib._bootstrap_external>:1383(_get_spec)
        1    0.000    0.000    0.000    0.000 <frozen importlib._bootstrap_external>:1415(find_spec)
        1    0.000    0.000    0.000    0.000 <frozen importlib._bootstrap_external>:145(_path_is_mode_type)
        1    0.000    0.000    0.000    0.000 <frozen importlib._bootstrap_external>:1509(_get_spec)
        4    0.000    0.000    0.000    0.000 <frozen importlib._bootstrap_external>:1514(find_spec)
        1    0.000    0.000    0.000    0.000 <frozen importlib._bootstrap_external>:154(_path_isfile)
        1    0.000    0.000    0.000    0.000 <frozen importlib._bootstrap_external>:175(_path_isabs)
        1    0.000    0.000    0.000    0.000 <frozen importlib._bootstrap_external>:491(_get_cached)
        4    0.000    0.000    0.000    0.000 <frozen importlib._bootstrap_external>:64(_relax_case)
        1    0.000    0.000    0.000    0.000 <frozen importlib._bootstrap_external>:696(spec_from_file_location)
        1    0.000    0.000    0.000    0.000 __init__.py:89(find_spec)
        1    0.000    0.000    0.000    0.000 __init__.py:96(<lambda>)
     9999    0.021    0.000    0.028    0.000 euler72.py:22(factorize)
        1    0.002    0.002    0.040    0.040 euler72.py:3(<module>)
        1    0.001    0.001    0.001    0.001 euler72.py:5(gen_primes)
     9999    0.008    0.000    0.036    0.000 euler72.py:51(fast_phi)
        6    0.000    0.000    0.000    0.000 {built-in method _imp.acquire_lock}
        1    0.001    0.001    0.001    0.001 {built-in method _imp.create_dynamic}
        1    0.000    0.000    0.000    0.000 {built-in method _imp.exec_dynamic}
        1    0.000    0.000    0.000    0.000 {built-in method _imp.is_builtin}
        1    0.000    0.000    0.000    0.000 {built-in method _imp.is_frozen}
        6    0.000    0.000    0.000    0.000 {built-in method _imp.release_lock}
        2    0.000    0.000    0.000    0.000 {built-in method _thread.allocate_lock}
        2    0.000    0.000    0.000    0.000 {built-in method _thread.get_ident}
        1    0.000    0.000    0.040    0.040 {built-in method builtins.exec}
        7    0.000    0.000    0.000    0.000 {built-in method builtins.getattr}
        6    0.000    0.000    0.000    0.000 {built-in method builtins.hasattr}
        5    0.000    0.000    0.000    0.000 {built-in method builtins.isinstance}
    10000    0.000    0.000    0.000    0.000 {built-in method builtins.len}
        1    0.000    0.000    0.000    0.000 {built-in method builtins.locals}
        1    0.000    0.000    0.000    0.000 {built-in method builtins.print}
    99314    0.005    0.000    0.005    0.000 {built-in method math.sqrt}
        1    0.000    0.000    0.000    0.000 {built-in method posix.fspath}
        1    0.000    0.000    0.000    0.000 {built-in method posix.getcwd}
        5    0.000    0.000    0.000    0.000 {built-in method posix.stat}
        2    0.000    0.000    0.000    0.000 {method '__exit__' of '_thread.lock' objects}
    32153    0.001    0.000    0.001    0.000 {method 'append' of 'list' objects}
        1    0.000    0.000    0.000    0.000 {method 'disable' of '_lsprof.Profiler' objects}
        2    0.000    0.000    0.000    0.000 {method 'endswith' of 'str' objects}
        1    0.000    0.000    0.000    0.000 {method 'format' of 'str' objects}
        2    0.000    0.000    0.000    0.000 {method 'get' of 'dict' objects}
       16    0.000    0.000    0.000    0.000 {method 'join' of 'str' objects}
        1    0.000    0.000    0.000    0.000 {method 'pop' of 'dict' objects}
        6    0.000    0.000    0.000    0.000 {method 'rpartition' of 'str' objects}
       32    0.000    0.000    0.000    0.000 {method 'rstrip' of 'str' objects}
        1    0.000    0.000    0.000    0.000 {method 'startswith' of 'str' objects}